#
# A fatal error has been detected by the Java Runtime Environment:
#
#  SIGSEGV (0xb) at pc=0x0000000111632d1e, pid=4955, tid=18691
#
# JRE version: Java(TM) SE Runtime Environment (8.0_45-b14) (build 1.8.0_45-b14)
# Java VM: Java HotSpot(TM) 64-Bit Server VM (25.45-b02 mixed mode bsd-amd64 compressed oops)
# Problematic frame:
# V  [libjvm.dylib+0x432d1e]  Method::checked_resolve_jmethod_id(_jmethodID*)+0x1c
#
# Failed to write core dump. Core dumps have been disabled. To enable core dumping, try "ulimit -c unlimited" before starting Java again
#
# If you would like to submit a bug report, please visit:
#   http://bugreport.java.com/bugreport/crash.jsp
#

---------------  T H R E A D  ---------------

Current thread (0x00007fad53818800):  JavaThread "JDWP Transport Listener: dt_socket" daemon [_thread_in_vm, id=18691, stack(0x000000012ab83000,0x000000012ac83000)]

siginfo: si_signo: 11 (SIGSEGV), si_code: 0 (unknown), si_addr: 0x0000000000000000

Registers:
RAX=0x0000000000000001, RBX=0x5383fe0000007fad, RCX=0x00000001119fa190, RDX=0x000000012ac82a8b
RSP=0x000000012ac829d0, RBP=0x000000012ac829e0, RSI=0x00007fad53818800, RDI=0x00007fad53840004
R8 =0x0000000000000000, R9 =0x00007fad50c00000, R10=0x0000000000000010, R11=0x00007fad50c00000
R12=0x00007fad53818800, R13=0x00007fad53840004, R14=0x00007fad53840004, R15=0x00007fad50c02640
RIP=0x0000000111632d1e, EFLAGS=0x0000000000010202, ERR=0x0000000000000000
  TRAPNO=0x000000000000000d

Top of Stack: (sp=0x000000012ac829d0)
0x000000012ac829d0:   000000012ac82a8b 000000012ac82a8b
0x000000012ac829e0:   000000012ac82a40 00000001115430d6
0x000000012ac829f0:   00007fad53818800 0000000000000000
0x000000012ac82a00:   0000000000000000 0000000000000000
0x000000012ac82a10:   00007fad53818800 00007fad53818800
0x000000012ac82a20:   000000012ac82a8b 000000012ac82a90
0x000000012ac82a30:   00007fad53840004 0000000000000002
0x000000012ac82a40:   000000012ac82a60 000000011017f780
0x000000012ac82a50:   0000000000000001 000000012ac82b08
0x000000012ac82a60:   000000012ac82ad0 00000001101641f3
0x000000012ac82a70:   000000012ac82aa0 00007fad50c26920
0x000000012ac82a80:   0000000700000032 0000000100c82b08
0x000000012ac82a90:   0000000000000000 0000000000000000
0x000000012ac82aa0:   0000000000000000 000000012ac82c90
0x000000012ac82ab0:   0000000110186e7a 00007fad50c1a550
0x000000012ac82ac0:   000000012ac82b08 0000000110192598
0x000000012ac82ad0:   000000012ac82ae0 00000001101642ec
0x000000012ac82ae0:   000000012ac82d00 000000011016d898
0x000000012ac82af0:   0000e53200000013 00000000000f0200
0x000000012ac82b00:   00007fad50c255e0 000000012ac82c4c
0x000000012ac82b10:   00007fad00000038 000000012ac82b20
0x000000012ac82b20:   00007fad000000f4 000000012ac82b58
0x000000012ac82b30:   0000000000000000 00007f0000000000
0x000000012ac82b40:   0000e5320000001c 00007fff00000f80
0x000000012ac82b50:   000000012ac82b58 ad7f000007000000
0x000000012ac82b60:   0600000068310153 00003e74696e693c
0x000000012ac82b70:   2f67726f4c284b00 632f766f6b756170
0x000000012ac82b80:   6f74616e69626d6f 6f43492f73636972
0x000000012ac82b90:   726f74616e69626d 6f74636556736369
0x000000012ac82ba0:   2f6176616a4c3b72 7274532f676e616c
0x000000012ac82bb0:   6f574c5b3b676e69 00000056293b6472
0x000000012ac82bc0:   702f67726f4c2860 6f632f766f6b7561 

Instructions: (pc=0x0000000111632d1e)
0x0000000111632cfe:   31 c0 5d c3 55 48 89 e5 53 48 83 ec 08 48 85 ff
0x0000000111632d0e:   74 24 48 8b 1f 48 85 db 74 1c 48 83 fb 37 74 16
0x0000000111632d1e:   48 8b 03 48 89 df ff 50 10 84 c0 b8 00 00 00 00
0x0000000111632d2e:   48 0f 45 c3 eb 02 31 c0 48 83 c4 08 5b 5d c3 90 

Register to memory mapping:

RAX=0x0000000000000001 is an unknown value
RBX=0x5383fe0000007fad is an unknown value
RCX=0x00000001119fa190: UseMembar+0 in /Library/Java/JavaVirtualMachines/jdk1.8.0_45.jdk/Contents/Home/jre/lib/server/libjvm.dylib at 0x0000000111200000
RDX=0x000000012ac82a8b is pointing into the stack for thread: 0x00007fad53818800
RSP=0x000000012ac829d0 is pointing into the stack for thread: 0x00007fad53818800
RBP=0x000000012ac829e0 is pointing into the stack for thread: 0x00007fad53818800
RSI=0x00007fad53818800 is a thread
RDI=0x00007fad53840004 is an unknown value
R8 =0x0000000000000000 is an unknown value
R9 =0x00007fad50c00000 is an unknown value
R10=0x0000000000000010 is an unknown value
R11=0x00007fad50c00000 is an unknown value
R12=0x00007fad53818800 is a thread
R13=0x00007fad53840004 is an unknown value
R14=0x00007fad53840004 is an unknown value
R15=0x00007fad50c02640 is an unknown value


Stack: [0x000000012ab83000,0x000000012ac83000],  sp=0x000000012ac829d0,  free space=1022k
Native frames: (J=compiled Java code, j=interpreted, Vv=VM code, C=native code)
V  [libjvm.dylib+0x432d1e]  Method::checked_resolve_jmethod_id(_jmethodID*)+0x1c
V  [libjvm.dylib+0x3430d6]  jvmti_IsMethodSynthetic+0xb2
C  [libjdwp.dylib+0x20780]  isMethodSynthetic+0x63
C  [libjdwp.dylib+0x51f3]  methods1+0x10b
C  [libjdwp.dylib+0x52ec]  methodsWithGeneric+0xe
C  [libjdwp.dylib+0xe898]  debugLoop_run+0x1ce
C  [libjdwp.dylib+0x1f6ba]  attachThread+0x4d
V  [libjvm.dylib+0x38401c]  JvmtiAgentThread::call_start_function()+0x38
V  [libjvm.dylib+0x549acf]  JavaThread::thread_main_inner()+0x9b
V  [libjvm.dylib+0x54b1c0]  JavaThread::run()+0x1c2
V  [libjvm.dylib+0x46ea7e]  java_start(Thread*)+0xf6
C  [libsystem_pthread.dylib+0x3268]  _pthread_body+0x83
C  [libsystem_pthread.dylib+0x31e5]  _pthread_body+0x0
C  [libsystem_pthread.dylib+0x141d]  thread_start+0xd
C  0x0000000000000000


---------------  P R O C E S S  ---------------

Java Threads: ( => current thread )
  0x00007fad52063000 JavaThread "Service Thread" daemon [_thread_blocked, id=22275, stack(0x000000012b298000,0x000000012b398000)]
  0x00007fad53834000 JavaThread "C1 CompilerThread3" daemon [_thread_blocked, id=21763, stack(0x000000012b195000,0x000000012b295000)]
  0x00007fad53833000 JavaThread "C2 CompilerThread2" daemon [_thread_blocked, id=21251, stack(0x000000012b092000,0x000000012b192000)]
  0x00007fad52032800 JavaThread "C2 CompilerThread1" daemon [_thread_blocked, id=20739, stack(0x000000012af8f000,0x000000012b08f000)]
  0x00007fad5381a000 JavaThread "C2 CompilerThread0" daemon [_thread_blocked, id=20227, stack(0x000000012ae8c000,0x000000012af8c000)]
  0x00007fad53819800 JavaThread "JDWP Command Reader" daemon [_thread_in_native, id=19715, stack(0x000000012ad89000,0x000000012ae89000)]
  0x00007fad54001000 JavaThread "JDWP Event Helper Thread" daemon [_thread_blocked, id=19203, stack(0x000000012ac86000,0x000000012ad86000)]
=>0x00007fad53818800 JavaThread "JDWP Transport Listener: dt_socket" daemon [_thread_in_vm, id=18691, stack(0x000000012ab83000,0x000000012ac83000)]
  0x00007fad5202d800 JavaThread "Signal Dispatcher" daemon [_thread_blocked, id=15379, stack(0x000000012aa80000,0x000000012ab80000)]
  0x00007fad55011000 JavaThread "Finalizer" daemon [_thread_blocked, id=13571, stack(0x0000000129142000,0x0000000129242000)]
  0x00007fad55010000 JavaThread "Reference Handler" daemon [_thread_blocked, id=13059, stack(0x000000012903f000,0x000000012913f000)]
  0x00007fad54801000 JavaThread "main" [_thread_blocked, id=4867, stack(0x0000000110019000,0x0000000110119000)]

Other Threads:
  0x00007fad52029000 VMThread [stack: 0x0000000128f3c000,0x000000012903c000] [id=12547]
  0x00007fad52064000 WatcherThread [stack: 0x000000012b39b000,0x000000012b49b000] [id=22787]

VM state:not at safepoint (normal execution)

VM Mutex/Monitor currently owned by a thread: None

Heap:
 PSYoungGen      total 698368K, used 286152K [0x0000000795580000, 0x00000007c0000000, 0x00000007c0000000)
  eden space 697856K, 41% used [0x0000000795580000,0x00000007a6cea3d8,0x00000007bff00000)
  from space 512K, 6% used [0x00000007bff00000,0x00000007bff08000,0x00000007bff80000)
  to   space 512K, 0% used [0x00000007bff80000,0x00000007bff80000,0x00000007c0000000)
 ParOldGen       total 146432K, used 78678K [0x0000000740000000, 0x0000000748f00000, 0x0000000795580000)
  object space 146432K, 53% used [0x0000000740000000,0x0000000744cd5bd0,0x0000000748f00000)
 Metaspace       used 4133K, capacity 4736K, committed 4864K, reserved 1056768K
  class space    used 442K, capacity 496K, committed 512K, reserved 1048576K

Card table byte_map: [0x0000000121529000,0x000000012192a000] byte_map_base: 0x000000011db29000

Marking Bits: (ParMarkBitMap*) 0x0000000111ac27a0
 Begin Bits: [0x00000001223ed000, 0x00000001243ed000)
 End Bits:   [0x00000001243ed000, 0x00000001263ed000)

Polling page: 0x000000011015e000

CodeCache: size=245760Kb used=3226Kb max_used=3231Kb free=242533Kb
 bounds [0x0000000112169000, 0x0000000112499000, 0x0000000121169000]
 total_blobs=851 nmethods=591 adapters=182
 compilation: enabled

Compilation events (10 events):
Event: 17.453 Thread 0x00007fad53833000  589       4       java.lang.String::substring (56 bytes)
Event: 17.457 Thread 0x00007fad53833000 nmethod 589 0x000000011248a890 code [0x000000011248aa00, 0x000000011248ae58]
Event: 17.521 Thread 0x00007fad5381a000  590       4       Path::normaliseBy (123 bytes)
Event: 17.578 Thread 0x00007fad5381a000 nmethod 590 0x0000000112493010 code [0x00000001124933a0, 0x0000000112495880]
Event: 162.416 Thread 0x00007fad53834000  591       3       sun.misc.FDBigInteger::mult (64 bytes)
Event: 162.417 Thread 0x00007fad53834000 nmethod 591 0x0000000112488e10 code [0x0000000112488f80, 0x0000000112489230]
Event: 162.418 Thread 0x00007fad53834000  592       3       sun.misc.FDBigInteger::<init> (30 bytes)
Event: 162.418 Thread 0x00007fad53834000 nmethod 592 0x0000000112488550 code [0x00000001124886c0, 0x00000001124888e8]
Event: 162.418 Thread 0x00007fad53834000  593       3       sun.misc.FDBigInteger::trimLeadingZeros (57 bytes)
Event: 162.418 Thread 0x00007fad53834000 nmethod 593 0x0000000112487f50 code [0x00000001124880c0, 0x00000001124883f0]

GC Heap History (10 events):
Event: 158.042 GC heap before
{Heap before GC invocations=94 (full 1):
 PSYoungGen      total 698368K, used 697888K [0x0000000795580000, 0x00000007c0000000, 0x00000007c0000000)
  eden space 697856K, 100% used [0x0000000795580000,0x00000007bff00000,0x00000007bff00000)
  from space 512K, 6% used [0x00000007bff80000,0x00000007bff88000,0x00000007c0000000)
  to   space 512K, 0% used [0x00000007bff00000,0x00000007bff00000,0x00000007bff80000)
 ParOldGen       total 146432K, used 78678K [0x0000000740000000, 0x0000000748f00000, 0x0000000795580000)
  object space 146432K, 53% used [0x0000000740000000,0x0000000744cd5bd0,0x0000000748f00000)
 Metaspace       used 4070K, capacity 4704K, committed 4864K, reserved 1056768K
  class space    used 436K, capacity 464K, committed 512K, reserved 1048576K
Event: 158.042 GC heap after
Heap after GC invocations=94 (full 1):
 PSYoungGen      total 698368K, used 32K [0x0000000795580000, 0x00000007c0000000, 0x00000007c0000000)
  eden space 697856K, 0% used [0x0000000795580000,0x0000000795580000,0x00000007bff00000)
  from space 512K, 6% used [0x00000007bff00000,0x00000007bff08000,0x00000007bff80000)
  to   space 512K, 0% used [0x00000007bff80000,0x00000007bff80000,0x00000007c0000000)
 ParOldGen       total 146432K, used 78678K [0x0000000740000000, 0x0000000748f00000, 0x0000000795580000)
  object space 146432K, 53% used [0x0000000740000000,0x0000000744cd5bd0,0x0000000748f00000)
 Metaspace       used 4070K, capacity 4704K, committed 4864K, reserved 1056768K
  class space    used 436K, capacity 464K, committed 512K, reserved 1048576K
}
Event: 158.742 GC heap before
{Heap before GC invocations=95 (full 1):
 PSYoungGen      total 698368K, used 697888K [0x0000000795580000, 0x00000007c0000000, 0x00000007c0000000)
  eden space 697856K, 100% used [0x0000000795580000,0x00000007bff00000,0x00000007bff00000)
  from space 512K, 6% used [0x00000007bff00000,0x00000007bff08000,0x00000007bff80000)
  to   space 512K, 0% used [0x00000007bff80000,0x00000007bff80000,0x00000007c0000000)
 ParOldGen       total 146432K, used 78678K [0x0000000740000000, 0x0000000748f00000, 0x0000000795580000)
  object space 146432K, 53% used [0x0000000740000000,0x0000000744cd5bd0,0x0000000748f00000)
 Metaspace       used 4070K, capacity 4704K, committed 4864K, reserved 1056768K
  class space    used 436K, capacity 464K, committed 512K, reserved 1048576K
Event: 158.742 GC heap after
Heap after GC invocations=95 (full 1):
 PSYoungGen      total 698368K, used 32K [0x0000000795580000, 0x00000007c0000000, 0x00000007c0000000)
  eden space 697856K, 0% used [0x0000000795580000,0x0000000795580000,0x00000007bff00000)
  from space 512K, 6% used [0x00000007bff80000,0x00000007bff88000,0x00000007c0000000)
  to   space 512K, 0% used [0x00000007bff00000,0x00000007bff00000,0x00000007bff80000)
 ParOldGen       total 146432K, used 78678K [0x0000000740000000, 0x0000000748f00000, 0x0000000795580000)
  object space 146432K, 53% used [0x0000000740000000,0x0000000744cd5bd0,0x0000000748f00000)
 Metaspace       used 4070K, capacity 4704K, committed 4864K, reserved 1056768K
  class space    used 436K, capacity 464K, committed 512K, reserved 1048576K
}
Event: 159.448 GC heap before
{Heap before GC invocations=96 (full 1):
 PSYoungGen      total 698368K, used 697888K [0x0000000795580000, 0x00000007c0000000, 0x00000007c0000000)
  eden space 697856K, 100% used [0x0000000795580000,0x00000007bff00000,0x00000007bff00000)
  from space 512K, 6% used [0x00000007bff80000,0x00000007bff88000,0x00000007c0000000)
  to   space 512K, 0% used [0x00000007bff00000,0x00000007bff00000,0x00000007bff80000)
 ParOldGen       total 146432K, used 78678K [0x0000000740000000, 0x0000000748f00000, 0x0000000795580000)
  object space 146432K, 53% used [0x0000000740000000,0x0000000744cd5bd0,0x0000000748f00000)
 Metaspace       used 4070K, capacity 4704K, committed 4864K, reserved 1056768K
  class space    used 436K, capacity 464K, committed 512K, reserved 1048576K
Event: 159.448 GC heap after
Heap after GC invocations=96 (full 1):
 PSYoungGen      total 698368K, used 32K [0x0000000795580000, 0x00000007c0000000, 0x00000007c0000000)
  eden space 697856K, 0% used [0x0000000795580000,0x0000000795580000,0x00000007bff00000)
  from space 512K, 6% used [0x00000007bff00000,0x00000007bff08000,0x00000007bff80000)
  to   space 512K, 0% used [0x00000007bff80000,0x00000007bff80000,0x00000007c0000000)
 ParOldGen       total 146432K, used 78678K [0x0000000740000000, 0x0000000748f00000, 0x0000000795580000)
  object space 146432K, 53% used [0x0000000740000000,0x0000000744cd5bd0,0x0000000748f00000)
 Metaspace       used 4070K, capacity 4704K, committed 4864K, reserved 1056768K
  class space    used 436K, capacity 464K, committed 512K, reserved 1048576K
}
Event: 160.147 GC heap before
{Heap before GC invocations=97 (full 1):
 PSYoungGen      total 698368K, used 697888K [0x0000000795580000, 0x00000007c0000000, 0x00000007c0000000)
  eden space 697856K, 100% used [0x0000000795580000,0x00000007bff00000,0x00000007bff00000)
  from space 512K, 6% used [0x00000007bff00000,0x00000007bff08000,0x00000007bff80000)
  to   space 512K, 0% used [0x00000007bff80000,0x00000007bff80000,0x00000007c0000000)
 ParOldGen       total 146432K, used 78678K [0x0000000740000000, 0x0000000748f00000, 0x0000000795580000)
  object space 146432K, 53% used [0x0000000740000000,0x0000000744cd5bd0,0x0000000748f00000)
 Metaspace       used 4070K, capacity 4704K, committed 4864K, reserved 1056768K
  class space    used 436K, capacity 464K, committed 512K, reserved 1048576K
Event: 160.148 GC heap after
Heap after GC invocations=97 (full 1):
 PSYoungGen      total 698368K, used 32K [0x0000000795580000, 0x00000007c0000000, 0x00000007c0000000)
  eden space 697856K, 0% used [0x0000000795580000,0x0000000795580000,0x00000007bff00000)
  from space 512K, 6% used [0x00000007bff80000,0x00000007bff88000,0x00000007c0000000)
  to   space 512K, 0% used [0x00000007bff00000,0x00000007bff00000,0x00000007bff80000)
 ParOldGen       total 146432K, used 78678K [0x0000000740000000, 0x0000000748f00000, 0x0000000795580000)
  object space 146432K, 53% used [0x0000000740000000,0x0000000744cd5bd0,0x0000000748f00000)
 Metaspace       used 4070K, capacity 4704K, committed 4864K, reserved 1056768K
  class space    used 436K, capacity 464K, committed 512K, reserved 1048576K
}
Event: 160.849 GC heap before
{Heap before GC invocations=98 (full 1):
 PSYoungGen      total 698368K, used 697888K [0x0000000795580000, 0x00000007c0000000, 0x00000007c0000000)
  eden space 697856K, 100% used [0x0000000795580000,0x00000007bff00000,0x00000007bff00000)
  from space 512K, 6% used [0x00000007bff80000,0x00000007bff88000,0x00000007c0000000)
  to   space 512K, 0% used [0x00000007bff00000,0x00000007bff00000,0x00000007bff80000)
 ParOldGen       total 146432K, used 78678K [0x0000000740000000, 0x0000000748f00000, 0x0000000795580000)
  object space 146432K, 53% used [0x0000000740000000,0x0000000744cd5bd0,0x0000000748f00000)
 Metaspace       used 4070K, capacity 4704K, committed 4864K, reserved 1056768K
  class space    used 436K, capacity 464K, committed 512K, reserved 1048576K
Event: 160.849 GC heap after
Heap after GC invocations=98 (full 1):
 PSYoungGen      total 698368K, used 32K [0x0000000795580000, 0x00000007c0000000, 0x00000007c0000000)
  eden space 697856K, 0% used [0x0000000795580000,0x0000000795580000,0x00000007bff00000)
  from space 512K, 6% used [0x00000007bff00000,0x00000007bff08000,0x00000007bff80000)
  to   space 512K, 0% used [0x00000007bff80000,0x00000007bff80000,0x00000007c0000000)
 ParOldGen       total 146432K, used 78678K [0x0000000740000000, 0x0000000748f00000, 0x0000000795580000)
  object space 146432K, 53% used [0x0000000740000000,0x0000000744cd5bd0,0x0000000748f00000)
 Metaspace       used 4070K, capacity 4704K, committed 4864K, reserved 1056768K
  class space    used 436K, capacity 464K, committed 512K, reserved 1048576K
}

Deoptimization events (10 events):
Event: 1.546 Thread 0x00007fad54801000 Uncommon trap: reason=unhandled action=none pc=0x0000000112454840 method=java.util.ArrayList.rangeCheck(I)V @ 20
Event: 1.546 Thread 0x00007fad54801000 Uncommon trap: reason=unhandled action=none pc=0x0000000112454840 method=java.util.ArrayList.rangeCheck(I)V @ 20
Event: 1.546 Thread 0x00007fad54801000 Uncommon trap: reason=unhandled action=none pc=0x0000000112454840 method=java.util.ArrayList.rangeCheck(I)V @ 20
Event: 1.546 Thread 0x00007fad54801000 Uncommon trap: reason=unhandled action=none pc=0x0000000112454840 method=java.util.ArrayList.rangeCheck(I)V @ 20
Event: 1.546 Thread 0x00007fad54801000 Uncommon trap: reason=unhandled action=none pc=0x0000000112454840 method=java.util.ArrayList.rangeCheck(I)V @ 20
Event: 1.546 Thread 0x00007fad54801000 Uncommon trap: reason=unhandled action=none pc=0x0000000112454840 method=java.util.ArrayList.rangeCheck(I)V @ 20
Event: 1.546 Thread 0x00007fad54801000 Uncommon trap: reason=unhandled action=none pc=0x0000000112454840 method=java.util.ArrayList.rangeCheck(I)V @ 20
Event: 1.546 Thread 0x00007fad54801000 Uncommon trap: reason=unhandled action=none pc=0x0000000112454840 method=java.util.ArrayList.rangeCheck(I)V @ 20
Event: 2.087 Thread 0x00007fad54801000 Uncommon trap: reason=unstable_if action=reinterpret pc=0x00000001123f77a4 method=java.util.Scanner.findPatternInBuffer(Ljava/util/regex/Pattern;I)Ljava/lang/String; @ 88
Event: 2.087 Thread 0x00007fad54801000 Uncommon trap: reason=unstable_if action=reinterpret pc=0x000000011242d830 method=Main.loadTrainingData()Ljava/util/List; @ 157

Internal exceptions (10 events):
Event: 0.244 Thread 0x00007fad54801000 Exception <a 'java/security/PrivilegedActionException'> (0x000000079584a8d0) thrown at [/Users/java_re/workspace/8-2-build-macosx-x86_64/jdk8u45/3457/hotspot/src/share/vm/prims/jvm.cpp, line 1382]
Event: 0.246 Thread 0x00007fad54801000 Exception <a 'java/util/zip/ZipException'> (0x000000079585c258) thrown at [/Users/java_re/workspace/8-2-build-macosx-x86_64/jdk8u45/3457/hotspot/src/share/vm/prims/jni.cpp, line 709]
Event: 0.246 Thread 0x00007fad54801000 Exception <a 'java/security/PrivilegedActionException'> (0x000000079585c408) thrown at [/Users/java_re/workspace/8-2-build-macosx-x86_64/jdk8u45/3457/hotspot/src/share/vm/prims/jvm.cpp, line 1382]
Event: 0.246 Thread 0x00007fad54801000 Exception <a 'java/security/PrivilegedActionException'> (0x000000079585c5c0) thrown at [/Users/java_re/workspace/8-2-build-macosx-x86_64/jdk8u45/3457/hotspot/src/share/vm/prims/jvm.cpp, line 1382]
Event: 0.269 Thread 0x00007fad54801000 Exception <a 'java/security/PrivilegedActionException'> (0x0000000795890ea8) thrown at [/Users/java_re/workspace/8-2-build-macosx-x86_64/jdk8u45/3457/hotspot/src/share/vm/prims/jvm.cpp, line 1382]
Event: 0.269 Thread 0x00007fad54801000 Exception <a 'java/security/PrivilegedActionException'> (0x00000007958911f0) thrown at [/Users/java_re/workspace/8-2-build-macosx-x86_64/jdk8u45/3457/hotspot/src/share/vm/prims/jvm.cpp, line 1382]
Event: 0.269 Thread 0x00007fad54801000 Exception <a 'java/security/PrivilegedActionException'> (0x0000000795894570) thrown at [/Users/java_re/workspace/8-2-build-macosx-x86_64/jdk8u45/3457/hotspot/src/share/vm/prims/jvm.cpp, line 1382]
Event: 0.269 Thread 0x00007fad54801000 Exception <a 'java/security/PrivilegedActionException'> (0x00000007958948b8) thrown at [/Users/java_re/workspace/8-2-build-macosx-x86_64/jdk8u45/3457/hotspot/src/share/vm/prims/jvm.cpp, line 1382]
Event: 1.073 Thread 0x00007fad54801000 Implicit null exception at 0x00000001123fd931 to 0x00000001123fe41d
Event: 1.074 Thread 0x00007fad54801000 Implicit null exception at 0x000000011237269f to 0x0000000112372b6d

Events (10 events):
Event: 281.078 Executing VM operation: GetOrSetLocal
Event: 281.078 Executing VM operation: GetOrSetLocal done
Event: 281.078 Executing VM operation: GetOrSetLocal
Event: 281.078 Executing VM operation: GetOrSetLocal done
Event: 281.079 Executing VM operation: GetOrSetLocal
Event: 281.079 Executing VM operation: GetOrSetLocal done
Event: 281.079 Executing VM operation: GetOrSetLocal
Event: 281.079 Executing VM operation: GetOrSetLocal done
Event: 293.435 Executing VM operation: RedefineClasses
Event: 293.443 Executing VM operation: RedefineClasses done


Dynamic libraries:
0x000000000283f000 	/System/Library/Frameworks/Cocoa.framework/Versions/A/Cocoa
0x000000000283f000 	/System/Library/Frameworks/Security.framework/Versions/A/Security
0x000000000283f000 	/System/Library/Frameworks/ApplicationServices.framework/Versions/A/ApplicationServices
0x000000000283f000 	/usr/lib/libz.1.dylib
0x000000000283f000 	/usr/lib/libSystem.B.dylib
0x000000000283f000 	/usr/lib/libobjc.A.dylib
0x000000000283f000 	/System/Library/Frameworks/CoreFoundation.framework/Versions/A/CoreFoundation
0x000000000283f000 	/System/Library/Frameworks/Foundation.framework/Versions/C/Foundation
0x000000000283f000 	/System/Library/Frameworks/AppKit.framework/Versions/C/AppKit
0x000000000283f000 	/System/Library/Frameworks/CoreData.framework/Versions/A/CoreData
0x000000000283f000 	/System/Library/PrivateFrameworks/RemoteViewServices.framework/Versions/A/RemoteViewServices
0x000000000283f000 	/System/Library/PrivateFrameworks/UIFoundation.framework/Versions/A/UIFoundation
0x000000000283f000 	/System/Library/Frameworks/IOSurface.framework/Versions/A/IOSurface
0x000000000283f000 	/System/Library/Frameworks/AudioToolbox.framework/Versions/A/AudioToolbox
0x000000000283f000 	/System/Library/Frameworks/AudioUnit.framework/Versions/A/AudioUnit
0x000000000283f000 	/System/Library/PrivateFrameworks/DataDetectorsCore.framework/Versions/A/DataDetectorsCore
0x000000000283f000 	/System/Library/PrivateFrameworks/DesktopServicesPriv.framework/Versions/A/DesktopServicesPriv
0x000000000283f000 	/System/Library/Frameworks/Carbon.framework/Versions/A/Frameworks/HIToolbox.framework/Versions/A/HIToolbox
0x000000000283f000 	/System/Library/Frameworks/QuartzCore.framework/Versions/A/QuartzCore
0x000000000283f000 	/System/Library/Frameworks/Carbon.framework/Versions/A/Frameworks/SpeechRecognition.framework/Versions/A/SpeechRecognition
0x000000000283f000 	/usr/lib/libauto.dylib
0x000000000283f000 	/usr/lib/libicucore.A.dylib
0x000000000283f000 	/usr/lib/libxml2.2.dylib
0x000000000283f000 	/System/Library/PrivateFrameworks/CoreUI.framework/Versions/A/CoreUI
0x000000000283f000 	/System/Library/Frameworks/CoreAudio.framework/Versions/A/CoreAudio
0x000000000283f000 	/System/Library/Frameworks/DiskArbitration.framework/Versions/A/DiskArbitration
0x000000000283f000 	/usr/lib/liblangid.dylib
0x000000000283f000 	/System/Library/PrivateFrameworks/MultitouchSupport.framework/Versions/A/MultitouchSupport
0x000000000283f000 	/System/Library/Frameworks/IOKit.framework/Versions/A/IOKit
0x000000000283f000 	/usr/lib/libDiagnosticMessagesClient.dylib
0x000000000283f000 	/System/Library/Frameworks/CoreServices.framework/Versions/A/CoreServices
0x000000000283f000 	/System/Library/PrivateFrameworks/PerformanceAnalysis.framework/Versions/A/PerformanceAnalysis
0x000000000283f000 	/System/Library/PrivateFrameworks/GenerationalStorage.framework/Versions/A/GenerationalStorage
0x000000000283f000 	/System/Library/Frameworks/OpenGL.framework/Versions/A/OpenGL
0x000000000283f000 	/System/Library/PrivateFrameworks/Sharing.framework/Versions/A/Sharing
0x000000000283f000 	/System/Library/Frameworks/CoreGraphics.framework/Versions/A/CoreGraphics
0x000000000283f000 	/System/Library/Frameworks/CoreText.framework/Versions/A/CoreText
0x000000000283f000 	/System/Library/Frameworks/ImageIO.framework/Versions/A/ImageIO
0x000000000283f000 	/usr/lib/libextension.dylib
0x000000000283f000 	/System/Library/PrivateFrameworks/Backup.framework/Versions/A/Backup
0x000000000283f000 	/usr/lib/libarchive.2.dylib
0x000000000283f000 	/System/Library/Frameworks/CFNetwork.framework/Versions/A/CFNetwork
0x000000000283f000 	/System/Library/Frameworks/SystemConfiguration.framework/Versions/A/SystemConfiguration
0x000000000283f000 	/usr/lib/libCRFSuite.dylib
0x000000000283f000 	/usr/lib/libc++.1.dylib
0x000000000283f000 	/usr/lib/libc++abi.dylib
0x000000000283f000 	/usr/lib/system/libcache.dylib
0x000000000283f000 	/usr/lib/system/libcommonCrypto.dylib
0x000000000283f000 	/usr/lib/system/libcompiler_rt.dylib
0x000000000283f000 	/usr/lib/system/libcopyfile.dylib
0x000000000283f000 	/usr/lib/system/libcorecrypto.dylib
0x000000000283f000 	/usr/lib/system/libdispatch.dylib
0x000000000283f000 	/usr/lib/system/libdyld.dylib
0x000000000283f000 	/usr/lib/system/libkeymgr.dylib
0x000000000283f000 	/usr/lib/system/liblaunch.dylib
0x000000000283f000 	/usr/lib/system/libmacho.dylib
0x000000000283f000 	/usr/lib/system/libquarantine.dylib
0x000000000283f000 	/usr/lib/system/libremovefile.dylib
0x000000000283f000 	/usr/lib/system/libsystem_asl.dylib
0x000000000283f000 	/usr/lib/system/libsystem_blocks.dylib
0x000000000283f000 	/usr/lib/system/libsystem_c.dylib
0x000000000283f000 	/usr/lib/system/libsystem_configuration.dylib
0x000000000283f000 	/usr/lib/system/libsystem_coreservices.dylib
0x000000000283f000 	/usr/lib/system/libsystem_coretls.dylib
0x000000000283f000 	/usr/lib/system/libsystem_dnssd.dylib
0x000000000283f000 	/usr/lib/system/libsystem_info.dylib
0x000000000283f000 	/usr/lib/system/libsystem_kernel.dylib
0x000000000283f000 	/usr/lib/system/libsystem_m.dylib
0x000000000283f000 	/usr/lib/system/libsystem_malloc.dylib
0x000000000283f000 	/usr/lib/system/libsystem_network.dylib
0x000000000283f000 	/usr/lib/system/libsystem_networkextension.dylib
0x000000000283f000 	/usr/lib/system/libsystem_notify.dylib
0x000000000283f000 	/usr/lib/system/libsystem_platform.dylib
0x000000000283f000 	/usr/lib/system/libsystem_pthread.dylib
0x000000000283f000 	/usr/lib/system/libsystem_sandbox.dylib
0x000000000283f000 	/usr/lib/system/libsystem_secinit.dylib
0x000000000283f000 	/usr/lib/system/libsystem_stats.dylib
0x000000000283f000 	/usr/lib/system/libsystem_trace.dylib
0x000000000283f000 	/usr/lib/system/libunc.dylib
0x000000000283f000 	/usr/lib/system/libunwind.dylib
0x000000000283f000 	/usr/lib/system/libxpc.dylib
0x000000000283f000 	/usr/lib/libbz2.1.0.dylib
0x000000000283f000 	/usr/lib/liblzma.5.dylib
0x000000000283f000 	/usr/lib/libbsm.0.dylib
0x000000000283f000 	/usr/lib/libsqlite3.dylib
0x000000000283f000 	/usr/lib/system/libkxld.dylib
0x000000000283f000 	/usr/lib/libxar.1.dylib
0x000000000283f000 	/usr/lib/libpam.2.dylib
0x000000000283f000 	/usr/lib/libOpenScriptingUtil.dylib
0x000000000283f000 	/System/Library/Frameworks/CoreServices.framework/Versions/A/Frameworks/FSEvents.framework/Versions/A/FSEvents
0x000000000283f000 	/System/Library/Frameworks/CoreServices.framework/Versions/A/Frameworks/CarbonCore.framework/Versions/A/CarbonCore
0x000000000283f000 	/System/Library/Frameworks/CoreServices.framework/Versions/A/Frameworks/Metadata.framework/Versions/A/Metadata
0x000000000283f000 	/System/Library/Frameworks/CoreServices.framework/Versions/A/Frameworks/OSServices.framework/Versions/A/OSServices
0x000000000283f000 	/System/Library/Frameworks/CoreServices.framework/Versions/A/Frameworks/SearchKit.framework/Versions/A/SearchKit
0x000000000283f000 	/System/Library/Frameworks/CoreServices.framework/Versions/A/Frameworks/AE.framework/Versions/A/AE
0x000000000283f000 	/System/Library/Frameworks/CoreServices.framework/Versions/A/Frameworks/LaunchServices.framework/Versions/A/LaunchServices
0x000000000283f000 	/System/Library/Frameworks/CoreServices.framework/Versions/A/Frameworks/DictionaryServices.framework/Versions/A/DictionaryServices
0x000000000283f000 	/System/Library/Frameworks/NetFS.framework/Versions/A/NetFS
0x000000000283f000 	/System/Library/PrivateFrameworks/NetAuth.framework/Versions/A/NetAuth
0x000000000283f000 	/System/Library/PrivateFrameworks/login.framework/Versions/A/Frameworks/loginsupport.framework/Versions/A/loginsupport
0x000000000283f000 	/System/Library/PrivateFrameworks/TCC.framework/Versions/A/TCC
0x000000000283f000 	/usr/lib/libmecabra.dylib
0x000000000283f000 	/System/Library/Frameworks/ApplicationServices.framework/Versions/A/Frameworks/ATS.framework/Versions/A/ATS
0x000000000283f000 	/System/Library/Frameworks/ApplicationServices.framework/Versions/A/Frameworks/ColorSync.framework/Versions/A/ColorSync
0x000000000283f000 	/System/Library/Frameworks/ApplicationServices.framework/Versions/A/Frameworks/HIServices.framework/Versions/A/HIServices
0x000000000283f000 	/System/Library/Frameworks/ApplicationServices.framework/Versions/A/Frameworks/LangAnalysis.framework/Versions/A/LangAnalysis
0x000000000283f000 	/System/Library/Frameworks/ApplicationServices.framework/Versions/A/Frameworks/PrintCore.framework/Versions/A/PrintCore
0x000000000283f000 	/System/Library/Frameworks/ApplicationServices.framework/Versions/A/Frameworks/QD.framework/Versions/A/QD
0x000000000283f000 	/System/Library/Frameworks/ApplicationServices.framework/Versions/A/Frameworks/SpeechSynthesis.framework/Versions/A/SpeechSynthesis
0x000000000283f000 	/System/Library/Frameworks/Accelerate.framework/Versions/A/Accelerate
0x000000000283f000 	/System/Library/Frameworks/Accelerate.framework/Versions/A/Frameworks/vImage.framework/Versions/A/vImage
0x000000000283f000 	/System/Library/Frameworks/Accelerate.framework/Versions/A/Frameworks/vecLib.framework/Versions/A/vecLib
0x000000000283f000 	/System/Library/Frameworks/Accelerate.framework/Versions/A/Frameworks/vecLib.framework/Versions/A/libvDSP.dylib
0x000000000283f000 	/System/Library/Frameworks/Accelerate.framework/Versions/A/Frameworks/vecLib.framework/Versions/A/libvMisc.dylib
0x000000000283f000 	/System/Library/Frameworks/Accelerate.framework/Versions/A/Frameworks/vecLib.framework/Versions/A/libLAPACK.dylib
0x000000000283f000 	/System/Library/Frameworks/Accelerate.framework/Versions/A/Frameworks/vecLib.framework/Versions/A/libBLAS.dylib
0x000000000283f000 	/System/Library/Frameworks/Accelerate.framework/Versions/A/Frameworks/vecLib.framework/Versions/A/libLinearAlgebra.dylib
0x000000000283f000 	/System/Library/Frameworks/ApplicationServices.framework/Versions/A/Frameworks/ATS.framework/Versions/A/Resources/libFontParser.dylib
0x000000000283f000 	/System/Library/Frameworks/ApplicationServices.framework/Versions/A/Frameworks/ATS.framework/Versions/A/Resources/libFontRegistry.dylib
0x000000000283f000 	/System/Library/PrivateFrameworks/AppleVPA.framework/Versions/A/AppleVPA
0x000000000283f000 	/System/Library/PrivateFrameworks/AppleJPEG.framework/Versions/A/AppleJPEG
0x000000000283f000 	/System/Library/Frameworks/ImageIO.framework/Versions/A/Resources/libJPEG.dylib
0x000000000283f000 	/System/Library/Frameworks/ImageIO.framework/Versions/A/Resources/libTIFF.dylib
0x000000000283f000 	/System/Library/Frameworks/ImageIO.framework/Versions/A/Resources/libPng.dylib
0x000000000283f000 	/System/Library/Frameworks/ImageIO.framework/Versions/A/Resources/libGIF.dylib
0x000000000283f000 	/System/Library/Frameworks/ImageIO.framework/Versions/A/Resources/libJP2.dylib
0x000000000283f000 	/System/Library/Frameworks/ImageIO.framework/Versions/A/Resources/libRadiance.dylib
0x000000000283f000 	/System/Library/Frameworks/CoreVideo.framework/Versions/A/CoreVideo
0x000000000283f000 	/System/Library/Frameworks/OpenGL.framework/Versions/A/Libraries/libGLU.dylib
0x000000000283f000 	/System/Library/Frameworks/OpenGL.framework/Versions/A/Libraries/libGFXShared.dylib
0x000000000283f000 	/System/Library/Frameworks/OpenGL.framework/Versions/A/Libraries/libGL.dylib
0x000000000283f000 	/System/Library/Frameworks/OpenGL.framework/Versions/A/Libraries/libGLImage.dylib
0x000000000283f000 	/System/Library/Frameworks/OpenGL.framework/Versions/A/Libraries/libCVMSPluginSupport.dylib
0x000000000283f000 	/System/Library/Frameworks/OpenGL.framework/Versions/A/Libraries/libCoreVMClient.dylib
0x000000000283f000 	/usr/lib/libcups.2.dylib
0x000000000283f000 	/System/Library/Frameworks/Kerberos.framework/Versions/A/Kerberos
0x000000000283f000 	/System/Library/Frameworks/GSS.framework/Versions/A/GSS
0x000000000283f000 	/usr/lib/libresolv.9.dylib
0x000000000283f000 	/usr/lib/libiconv.2.dylib
0x000000000283f000 	/System/Library/PrivateFrameworks/Heimdal.framework/Versions/A/Heimdal
0x000000000283f000 	/usr/lib/libheimdal-asn1.dylib
0x000000000283f000 	/System/Library/Frameworks/OpenDirectory.framework/Versions/A/OpenDirectory
0x000000000283f000 	/System/Library/PrivateFrameworks/CommonAuth.framework/Versions/A/CommonAuth
0x000000000283f000 	/System/Library/Frameworks/OpenDirectory.framework/Versions/A/Frameworks/CFOpenDirectory.framework/Versions/A/CFOpenDirectory
0x000000000283f000 	/System/Library/Frameworks/SecurityFoundation.framework/Versions/A/SecurityFoundation
0x000000000283f000 	/System/Library/PrivateFrameworks/LanguageModeling.framework/Versions/A/LanguageModeling
0x000000000283f000 	/usr/lib/libcmph.dylib
0x000000000283f000 	/System/Library/Frameworks/ServiceManagement.framework/Versions/A/ServiceManagement
0x000000000283f000 	/usr/lib/libxslt.1.dylib
0x000000000283f000 	/System/Library/Frameworks/Carbon.framework/Versions/A/Frameworks/Ink.framework/Versions/A/Ink
0x000000000283f000 	/System/Library/Frameworks/QuartzCore.framework/Versions/A/Frameworks/CoreImage.framework/Versions/A/CoreImage
0x000000000283f000 	/System/Library/PrivateFrameworks/CrashReporterSupport.framework/Versions/A/CrashReporterSupport
0x000000000283f000 	/System/Library/Frameworks/OpenCL.framework/Versions/A/OpenCL
0x000000000283f000 	/System/Library/PrivateFrameworks/FaceCore.framework/Versions/A/FaceCore
0x000000000283f000 	/System/Library/PrivateFrameworks/Ubiquity.framework/Versions/A/Ubiquity
0x000000000283f000 	/System/Library/PrivateFrameworks/IconServices.framework/Versions/A/IconServices
0x000000000283f000 	/System/Library/PrivateFrameworks/ChunkingLibrary.framework/Versions/A/ChunkingLibrary
0x000000000283f000 	/System/Library/PrivateFrameworks/Apple80211.framework/Versions/A/Apple80211
0x000000000283f000 	/System/Library/Frameworks/CoreWLAN.framework/Versions/A/CoreWLAN
0x000000000283f000 	/System/Library/Frameworks/IOBluetooth.framework/Versions/A/IOBluetooth
0x000000000283f000 	/System/Library/PrivateFrameworks/CoreWiFi.framework/Versions/A/CoreWiFi
0x000000000283f000 	/System/Library/Frameworks/CoreBluetooth.framework/Versions/A/CoreBluetooth
0x000000000283f000 	/System/Library/PrivateFrameworks/DebugSymbols.framework/Versions/A/DebugSymbols
0x000000000283f000 	/System/Library/PrivateFrameworks/CoreSymbolication.framework/Versions/A/CoreSymbolication
0x000000000283f000 	/System/Library/PrivateFrameworks/Symbolication.framework/Versions/A/Symbolication
0x000000000283f000 	/System/Library/PrivateFrameworks/SpeechRecognitionCore.framework/Versions/A/SpeechRecognitionCore
0x0000000111200000 	/Library/Java/JavaVirtualMachines/jdk1.8.0_45.jdk/Contents/Home/jre/lib/server/libjvm.dylib
0x000000000283f000 	/usr/lib/libstdc++.6.dylib
0x000000011011b000 	/Library/Java/JavaVirtualMachines/jdk1.8.0_45.jdk/Contents/Home/jre/lib/libverify.dylib
0x0000000110129000 	/Library/Java/JavaVirtualMachines/jdk1.8.0_45.jdk/Contents/Home/jre/lib/libjava.dylib
0x000000011015f000 	/Library/Java/JavaVirtualMachines/jdk1.8.0_45.jdk/Contents/Home/jre/lib/libjdwp.dylib
0x00000001101aa000 	/Library/Java/JavaVirtualMachines/jdk1.8.0_45.jdk/Contents/Home/jre/lib/libnpt.dylib
0x00000001101b7000 	/Library/Java/JavaVirtualMachines/jdk1.8.0_45.jdk/Contents/Home/jre/lib/libzip.dylib
0x0000000129244000 	/System/Library/Frameworks/JavaVM.framework/Frameworks/JavaRuntimeSupport.framework/JavaRuntimeSupport
0x00000001101e9000 	/System/Library/Frameworks/JavaVM.framework/Versions/A/Frameworks/JavaNativeFoundation.framework/Versions/A/JavaNativeFoundation
0x000000012925c000 	/System/Library/Frameworks/JavaVM.framework/Versions/A/JavaVM
0x000000000283f000 	/System/Library/Frameworks/Carbon.framework/Versions/A/Carbon
0x0000000129269000 	/System/Library/PrivateFrameworks/JavaLaunching.framework/Versions/A/JavaLaunching
0x000000000283f000 	/System/Library/Frameworks/Carbon.framework/Versions/A/Frameworks/CommonPanels.framework/Versions/A/CommonPanels
0x000000000283f000 	/System/Library/Frameworks/Carbon.framework/Versions/A/Frameworks/Help.framework/Versions/A/Help
0x000000000283f000 	/System/Library/Frameworks/Carbon.framework/Versions/A/Frameworks/ImageCapture.framework/Versions/A/ImageCapture
0x000000000283f000 	/System/Library/Frameworks/Carbon.framework/Versions/A/Frameworks/OpenScripting.framework/Versions/A/OpenScripting
0x000000000283f000 	/System/Library/Frameworks/Carbon.framework/Versions/A/Frameworks/Print.framework/Versions/A/Print
0x000000000283f000 	/System/Library/Frameworks/Carbon.framework/Versions/A/Frameworks/SecurityHI.framework/Versions/A/SecurityHI
0x000000012937b000 	/Library/Java/JavaVirtualMachines/jdk1.8.0_45.jdk/Contents/Home/jre/lib/libdt_socket.dylib
0x000000012b4d6000 	/Library/Java/JavaVirtualMachines/jdk1.8.0_45.jdk/Contents/Home/jre/lib/libnet.dylib
0x000000012b535000 	/Library/Java/JavaVirtualMachines/jdk1.8.0_45.jdk/Contents/Home/jre/lib/libnio.dylib

VM Arguments:
jvm_args: -agentlib:jdwp=transport=dt_socket,suspend=y,address=localhost:51768 -Dfile.encoding=UTF-8 
java_command: Main
java_class_path (initial): /Users/jack/Documents/workspace/PronunciationInference/bin:/Users/jack/Documents/workspace/PronunciationInference/lib/guava-16.0.1.jar:/Users/jack/Documents/workspace/PronunciationInference/lib/combinatoricslib-2.1.jar:/Users/jack/Documents/workspace/PronunciationInference/lib/jahmm-0.6.1.jar:/Users/jack/Documents/workspace/PronunciationInference/lib/javatuples-1.2.jar
Launcher Type: SUN_STANDARD

Environment Variables:
PATH=/usr/bin:/bin:/usr/sbin:/sbin
SHELL=/bin/bash
DISPLAY=/private/tmp/com.apple.launchd.VYNJRINgLo/org.macosforge.xquartz:0

Signal Handlers:
SIGSEGV: [libjvm.dylib+0x58ef95], sa_mask[0]=11111111011111110111111111111111, sa_flags=SA_ONSTACK|SA_RESTART|SA_SIGINFO
SIGBUS: [libjvm.dylib+0x58ef95], sa_mask[0]=11111111011111110111111111111111, sa_flags=SA_RESTART|SA_SIGINFO
SIGFPE: [libjvm.dylib+0x46c108], sa_mask[0]=11111111011111110111111111111111, sa_flags=SA_RESTART|SA_SIGINFO
SIGPIPE: [libjvm.dylib+0x46c108], sa_mask[0]=11111111011111110111111111111111, sa_flags=SA_RESTART|SA_SIGINFO
SIGXFSZ: [libjvm.dylib+0x46c108], sa_mask[0]=11111111011111110111111111111111, sa_flags=SA_RESTART|SA_SIGINFO
SIGILL: [libjvm.dylib+0x46c108], sa_mask[0]=11111111011111110111111111111111, sa_flags=SA_RESTART|SA_SIGINFO
SIGUSR1: SIG_DFL, sa_mask[0]=00000000000000000000000000000000, sa_flags=none
SIGUSR2: [libjvm.dylib+0x46bc26], sa_mask[0]=00100000000000000000000000000000, sa_flags=SA_RESTART|SA_SIGINFO
SIGHUP: [libjvm.dylib+0x46a1f9], sa_mask[0]=11111111011111110111111111111111, sa_flags=SA_RESTART|SA_SIGINFO
SIGINT: [libjvm.dylib+0x46a1f9], sa_mask[0]=11111111011111110111111111111111, sa_flags=SA_RESTART|SA_SIGINFO
SIGTERM: [libjvm.dylib+0x46a1f9], sa_mask[0]=11111111011111110111111111111111, sa_flags=SA_RESTART|SA_SIGINFO
SIGQUIT: [libjvm.dylib+0x46a1f9], sa_mask[0]=11111111011111110111111111111111, sa_flags=SA_RESTART|SA_SIGINFO


---------------  S Y S T E M  ---------------

OS:Bsduname:Darwin 14.1.0 Darwin Kernel Version 14.1.0: Mon Dec 22 23:10:38 PST 2014; root:xnu-2782.10.72~2/RELEASE_X86_64 x86_64
rlimit: STACK 8192k, CORE 0k, NPROC 709, NOFILE 10240, AS infinity
load average:2.54 3.02 2.91

CPU:total 8 (4 cores per cpu, 2 threads per core) family 6 model 70 stepping 1, cmov, cx8, fxsr, mmx, sse, sse2, sse3, ssse3, sse4.1, sse4.2, popcnt, avx, avx2, aes, clmul, erms, lzcnt, ht, tsc, tscinvbit, bmi1, bmi2

Memory: 4k page, physical 8388608k(31400k free)

/proc/meminfo:


vm_info: Java HotSpot(TM) 64-Bit Server VM (25.45-b02) for bsd-amd64 JRE (1.8.0_45-b14), built on Apr 10 2015 10:46:38 by "java_re" with gcc 4.2.1 (Based on Apple Inc. build 5658) (LLVM build 2336.11.00)

time: Mon Nov 23 21:07:02 2015
elapsed time: 293 seconds (0d 0h 4m 53s)

